<?xml version="1.0" encoding="UTF-8"?>
<!-- Generated by org.testng.reporters.JUnitReportReporter -->
<testsuite skipped="0" hostname="ChristopherBarreto3590" name="MobileNixonUSA.MobileNewUser" tests="1" failures="0" timestamp="24 May 2019 20:26:51 GMT" time="14.998" errors="0">
  <testcase name="test" time="14.998" classname="MobileNixonUSA.MobileNewUser"/>
</testsuite> <!-- MobileNixonUSA.MobileNewUser -->
