<?xml version="1.0" encoding="UTF-8"?>
<!-- Generated by org.testng.reporters.JUnitReportReporter -->
<testsuite skipped="0" hostname="ChristopherBarreto3590" name="Nixon.Desktop.CheckoutPaymentTypes.checkoutAllPaymentsCA" tests="1" failures="0" timestamp="24 Oct 2019 22:47:23 GMT" time="147.552" errors="0">
  <testcase name="test" time="147.552" classname="Nixon.Desktop.CheckoutPaymentTypes.checkoutAllPaymentsCA"/>
</testsuite> <!-- Nixon.Desktop.CheckoutPaymentTypes.checkoutAllPaymentsCA -->
