<?xml version="1.0" encoding="UTF-8"?>
<!-- Generated by org.testng.reporters.JUnitReportReporter -->
<testsuite skipped="0" hostname="ChristopherBarreto3590" name="desktop.CheckoutPaymentTypes.checkoutAllPaymentsCA" tests="1" failures="0" timestamp="22 Jan 2020 19:53:20 GMT" time="146.748" errors="0">
  <testcase name="test" time="146.748" classname="desktop.CheckoutPaymentTypes.checkoutAllPaymentsCA"/>
</testsuite> <!-- desktop.CheckoutPaymentTypes.checkoutAllPaymentsCA -->
