<?xml version="1.0" encoding="UTF-8"?>
<!-- Generated by org.testng.reporters.JUnitReportReporter -->
<testsuite skipped="0" hostname="ChristopherBarreto3590" name="nixonRegression.MobileLogIn" tests="1" failures="0" timestamp="04 Nov 2019 18:48:28 GMT" time="245.657" errors="0">
  <testcase name="test" time="245.657" classname="nixonRegression.MobileLogIn"/>
</testsuite> <!-- nixonRegression.MobileLogIn -->
