<?xml version="1.0" encoding="UTF-8"?>
<!-- Generated by org.testng.reporters.JUnitReportReporter -->
<testsuite skipped="0" hostname="ChristopherBarreto3590" name="NixonUSA.Mobile.ValidateCoookiePopUp" tests="1" failures="0" timestamp="19 Jun 2019 19:20:24 GMT" time="20.164" errors="0">
  <testcase name="test" time="20.164" classname="NixonUSA.Mobile.ValidateCoookiePopUp"/>
</testsuite> <!-- NixonUSA.Mobile.ValidateCoookiePopUp -->
