<?xml version="1.0" encoding="UTF-8"?>
<!-- Generated by org.testng.reporters.JUnitReportReporter -->
<testsuite skipped="0" hostname="ChristopherBarreto3590" name="MobileNixonUSA.MobileLogIn" tests="1" failures="0" timestamp="24 May 2019 20:24:23 GMT" time="12.743" errors="0">
  <testcase name="test" time="12.743" classname="MobileNixonUSA.MobileLogIn"/>
</testsuite> <!-- MobileNixonUSA.MobileLogIn -->
