<?xml version="1.0" encoding="UTF-8"?>
<!-- Generated by org.testng.reporters.JUnitReportReporter -->
<testsuite skipped="0" hostname="ChristopherBarreto3590" name="desktop.CheckoutPaymentTypes.checkoutAllPaymentsCA" tests="1" failures="0" timestamp="05 Nov 2019 19:34:53 GMT" time="122.955" errors="0">
  <testcase name="test" time="122.955" classname="desktop.CheckoutPaymentTypes.checkoutAllPaymentsCA"/>
</testsuite> <!-- desktop.CheckoutPaymentTypes.checkoutAllPaymentsCA -->
