<?xml version="1.0" encoding="UTF-8"?>
<!-- Generated by org.testng.reporters.JUnitReportReporter -->
<testsuite skipped="0" hostname="ChristopherBarreto3590" name="Nixon.Mobile.USA.Regression.ValidateCoookiePopUp" tests="1" failures="0" timestamp="02 Oct 2019 17:07:13 GMT" time="26.721" errors="0">
  <testcase name="test" time="26.721" classname="Nixon.Mobile.USA.Regression.ValidateCoookiePopUp"/>
</testsuite> <!-- Nixon.Mobile.USA.Regression.ValidateCoookiePopUp -->
