<?xml version="1.0" encoding="UTF-8"?>
<!-- Generated by org.testng.reporters.JUnitReportReporter -->
<testsuite skipped="0" hostname="ChristopherBarreto3590" name="NixonUSA.Mobile.MobileLogIn" tests="1" failures="0" timestamp="19 Jun 2019 19:20:24 GMT" time="13.845" errors="0">
  <testcase name="test" time="13.845" classname="NixonUSA.Mobile.MobileLogIn"/>
</testsuite> <!-- NixonUSA.Mobile.MobileLogIn -->
