<?xml version="1.0" encoding="UTF-8"?>
<!-- Generated by org.testng.reporters.JUnitReportReporter -->
<testsuite skipped="0" hostname="ChristopherBarreto3590" name="Nixon.Mobile.CheckoutPaymentTypes.Mobile_checkoutAllPaymentsCA" tests="1" failures="0" timestamp="20 Sep 2019 23:12:58 GMT" time="134.264" errors="0">
  <testcase name="test" time="134.264" classname="Nixon.Mobile.CheckoutPaymentTypes.Mobile_checkoutAllPaymentsCA"/>
</testsuite> <!-- Nixon.Mobile.CheckoutPaymentTypes.Mobile_checkoutAllPaymentsCA -->
