<?xml version="1.0" encoding="UTF-8"?>
<!-- Generated by org.testng.reporters.JUnitReportReporter -->
<testsuite skipped="0" hostname="ChristopherBarreto3590" name="Nixon.Desktop.checkoutAllPaymentMethodsUSA" tests="1" failures="0" timestamp="17 Aug 2019 00:31:37 GMT" time="437.611" errors="0">
  <testcase name="test" time="437.611" classname="Nixon.Desktop.checkoutAllPaymentMethodsUSA"/>
</testsuite> <!-- Nixon.Desktop.checkoutAllPaymentMethodsUSA -->
