<?xml version="1.0" encoding="UTF-8"?>
<!-- Generated by org.testng.reporters.JUnitReportReporter -->
<testsuite skipped="0" hostname="ChristopherBarreto3590" name="Nixon.Mobile.CheckoutPaymentTypes.Mobile_CheckoutAllPaymentsEU2" tests="1" failures="0" timestamp="19 Dec 2019 19:45:12 GMT" time="351.916" errors="0">
  <testcase name="test" time="351.916" classname="Nixon.Mobile.CheckoutPaymentTypes.Mobile_CheckoutAllPaymentsEU2"/>
</testsuite> <!-- Nixon.Mobile.CheckoutPaymentTypes.Mobile_CheckoutAllPaymentsEU2 -->
