<?xml version="1.0" encoding="UTF-8"?>
<!-- Generated by org.testng.reporters.JUnitReportReporter -->
<testsuite skipped="0" hostname="ChristopherBarreto3590" name="NixonUSA.Mobile.BugRegression.nm646" tests="1" failures="0" timestamp="07 Jun 2019 22:19:25 GMT" time="24.758" errors="0">
  <testcase name="test" time="24.758" classname="NixonUSA.Mobile.BugRegression.nm646"/>
</testsuite> <!-- NixonUSA.Mobile.BugRegression.nm646 -->
