<?xml version="1.0" encoding="UTF-8"?>
<!-- Generated by org.testng.reporters.JUnitReportReporter -->
<testsuite skipped="0" hostname="ChristopherBarreto3590" name="Nixon.Mobile.CheckoutPaymentTypes.Mobile_checkoutAllPaymentsUS2" tests="1" failures="0" timestamp="20 Dec 2019 17:31:50 GMT" time="250.002" errors="0">
  <testcase name="test" time="250.002" classname="Nixon.Mobile.CheckoutPaymentTypes.Mobile_checkoutAllPaymentsUS2"/>
</testsuite> <!-- Nixon.Mobile.CheckoutPaymentTypes.Mobile_checkoutAllPaymentsUS2 -->
