<?xml version="1.0" encoding="UTF-8"?>
<!-- Generated by org.testng.reporters.JUnitReportReporter -->
<testsuite skipped="0" hostname="ChristopherBarreto3590" name="desktopKlarnaPayments" tests="1" failures="0" timestamp="12 Feb 2020 01:12:01 GMT" time="142.548" errors="0">
  <testcase name="test" time="142.548" classname="desktopKlarnaPayments"/>
</testsuite> <!-- desktopKlarnaPayments -->
