<?xml version="1.0" encoding="UTF-8"?>
<!-- Generated by org.testng.reporters.JUnitReportReporter -->
<testsuite skipped="0" hostname="ChristopherBarreto3590" name="Nixon.Desktop.checkoutAllPaymentsCA" tests="1" failures="0" timestamp="20 Aug 2019 19:34:57 GMT" time="132.505" errors="0">
  <testcase name="test" time="132.505" classname="Nixon.Desktop.checkoutAllPaymentsCA"/>
</testsuite> <!-- Nixon.Desktop.checkoutAllPaymentsCA -->
